<?xml version="1.0" encoding="UTF-8"?>
<!-- Generated by org.testng.reporters.JUnitXMLReporter -->
<testsuite ignored="0" hostname="DESKTOP-3QHAGIK" failures="1" tests="18" name="Surefire test" time="234.6" errors="0" timestamp="2025-05-16T02:15:26 GMT+04:00">
  <testcase classname="ge.tbc.testautomation.pom.magento.MagentoTests" name="colorChangeTest" time="3.733"/>
  <testcase classname="ge.tbc.testautomation.pom.magento.MagentoTests" name="addToCartTest" time="12.47"/>
  <testcase classname="ge.tbc.testautomation.pom.magento.MagentoTests" name="deleteFromCart" time="4.003"/>
  <testcase classname="ge.tbc.testautomation.pom.magento.MagentoTests" name="outOfStockOfferTest" time="3.674"/>
  <testcase classname="ge.tbc.testautomation.pom.magento.MagentoTests" name="reviewNumberTest" time="2.677"/>
  <testcase classname="ge.tbc.testautomation.pom.magento.MagentoTests" name="mobileNavigationTest" time="0.562"/>
  <testcase classname="ge.tbc.testautomation.pom.magento.MagentoTests" name="saveToFavoritesWhileUnauthorizedTest" time="10.752"/>
  <testcase classname="ge.tbc.testautomation.pom.magento.MagentoTests" name="purchaseItem" time="43.621">
    <skipped/>
  </testcase> <!-- purchaseItem -->
  <testcase classname="ge.tbc.testautomation.pom.magento.MagentoTests" name="purchaseItem" time="36.198">
    <skipped/>
  </testcase> <!-- purchaseItem -->
  <testcase classname="ge.tbc.testautomation.pom.magento.MagentoTests" name="purchaseItem" time="35.096">
    <failure type="com.microsoft.playwright.TimeoutError" message="Error {
  message=&amp;apos;Timeout 30000ms exceeded.
  name=&amp;apos;TimeoutError
  stack=&amp;apos;TimeoutError: Timeout 30000ms exceeded.
    at ProgressController.run (C:\Users\gstore\AppData\Local\Temp\playwright-java-4435475597216201590\package\lib\server\progress.js:76:26)
    at Frame.waitForSelector (C:\Users\gstore\AppData\Local\Temp\playwright-java-4435475597216201590\package\lib\server\frames.js:647:23)
    at FrameDispatcher.waitForSelector (C:\Users\gstore\AppData\Local\Temp\playwright-java-4435475597216201590\package\lib\server\dispatchers\frameDispatcher.js:82:116)
    at FrameDispatcher._handleCommand (C:\Users\gstore\AppData\Local\Temp\playwright-java-4435475597216201590\package\lib\server\dispatchers\dispatcher.js:94:40)
    at DispatcherConnection.dispatch (C:\Users\gstore\AppData\Local\Temp\playwright-java-4435475597216201590\package\lib\server\dispatchers\dispatcher.js:307:39)
}
Call log:
-   - waiting for getByRole(AriaRole.BUTTON, new Page.GetByRoleOptions().setName(&amp;quot;Add to Cart&amp;quot;)).first()
">
      <![CDATA[com.microsoft.playwright.TimeoutError: Error {
  message='Timeout 30000ms exceeded.
  name='TimeoutError
  stack='TimeoutError: Timeout 30000ms exceeded.
    at ProgressController.run (C:\Users\gstore\AppData\Local\Temp\playwright-java-4435475597216201590\package\lib\server\progress.js:76:26)
    at Frame.waitForSelector (C:\Users\gstore\AppData\Local\Temp\playwright-java-4435475597216201590\package\lib\server\frames.js:647:23)
    at FrameDispatcher.waitForSelector (C:\Users\gstore\AppData\Local\Temp\playwright-java-4435475597216201590\package\lib\server\dispatchers\frameDispatcher.js:82:116)
    at FrameDispatcher._handleCommand (C:\Users\gstore\AppData\Local\Temp\playwright-java-4435475597216201590\package\lib\server\dispatchers\dispatcher.js:94:40)
    at DispatcherConnection.dispatch (C:\Users\gstore\AppData\Local\Temp\playwright-java-4435475597216201590\package\lib\server\dispatchers\dispatcher.js:307:39)
}
Call log:
-   - waiting for getByRole(AriaRole.BUTTON, new Page.GetByRoleOptions().setName("Add to Cart")).first()

at com.microsoft.playwright.impl.WaitableResult.get(WaitableResult.java:52)
at com.microsoft.playwright.impl.ChannelOwner.runUntil(ChannelOwner.java:132)
at com.microsoft.playwright.impl.Connection.sendMessage(Connection.java:130)
at com.microsoft.playwright.impl.ChannelOwner.sendMessage(ChannelOwner.java:118)
at com.microsoft.playwright.impl.FrameImpl.waitForSelectorImpl(FrameImpl.java:1060)
at com.microsoft.playwright.impl.FrameImpl.waitForSelectorImpl(FrameImpl.java:1050)
at com.microsoft.playwright.impl.FrameImpl.lambda$waitForSelector$46(FrameImpl.java:1046)
at com.microsoft.playwright.impl.LoggingSupport.withLogging(LoggingSupport.java:47)
at com.microsoft.playwright.impl.ChannelOwner.withLogging(ChannelOwner.java:97)
at com.microsoft.playwright.impl.FrameImpl.waitForSelector(FrameImpl.java:1046)
at com.microsoft.playwright.impl.LocatorImpl.elementHandle(LocatorImpl.java:216)
at com.microsoft.playwright.impl.LocatorImpl.withElement(LocatorImpl.java:83)
at com.microsoft.playwright.impl.LocatorImpl.scrollIntoViewIfNeeded(LocatorImpl.java:491)
at com.microsoft.playwright.Locator.scrollIntoViewIfNeeded(Locator.java:4415)
at ge.tbc.testautomation.steps.magento.ItemsSteps.scrollToAddToCartBtn(ItemsSteps.java:65)
at ge.tbc.testautomation.pom.magento.MagentoTests.purchaseItem(MagentoTests.java:154)
at java.base/java.util.ArrayList.forEach(ArrayList.java:1597)
Caused by: com.microsoft.playwright.TimeoutError: Error {
  message='Timeout 30000ms exceeded.
  name='TimeoutError
  stack='TimeoutError: Timeout 30000ms exceeded.
    at ProgressController.run (C:\Users\gstore\AppData\Local\Temp\playwright-java-4435475597216201590\package\lib\server\progress.js:76:26)
    at Frame.waitForSelector (C:\Users\gstore\AppData\Local\Temp\playwright-java-4435475597216201590\package\lib\server\frames.js:647:23)
    at FrameDispatcher.waitForSelector (C:\Users\gstore\AppData\Local\Temp\playwright-java-4435475597216201590\package\lib\server\dispatchers\frameDispatcher.js:82:116)
    at FrameDispatcher._handleCommand (C:\Users\gstore\AppData\Local\Temp\playwright-java-4435475597216201590\package\lib\server\dispatchers\dispatcher.js:94:40)
    at DispatcherConnection.dispatch (C:\Users\gstore\AppData\Local\Temp\playwright-java-4435475597216201590\package\lib\server\dispatchers\dispatcher.js:307:39)
}
Call log:
-   - waiting for getByRole(AriaRole.BUTTON, new Page.GetByRoleOptions().setName("Add to Cart")).first()

at com.microsoft.playwright.impl.Connection.dispatch(Connection.java:254)
at com.microsoft.playwright.impl.Connection.processOneMessage(Connection.java:211)
at com.microsoft.playwright.impl.ChannelOwner.runUntil(ChannelOwner.java:130)
... 45 more
... Removed 30 stack frames]]>
    </failure>
  </testcase> <!-- purchaseItem -->
  <testcase classname="ge.tbc.testautomation.pom.toolwebsite.isolatedcontext.IsolatedContextTests" name="favouritesTest" time="12.541"/>
  <testcase classname="ge.tbc.testautomation.pom.toolwebsite.isolatedcontext.IsolatedContextTests" name="filterTest" time="1.034"/>
  <testcase classname="ge.tbc.testautomation.pom.toolwebsite.isolatedcontext.IsolatedContextTests" name="removeFavouriteTest" time="8.079"/>
  <testcase classname="ge.tbc.testautomation.pom.toolwebsite.isolatedcontext.IsolatedContextTests" name="TagsTest" time="1.797"/>
  <testcase classname="ge.tbc.testautomation.pom.toolwebsite.sharedcontext.SharedContextTests" name="favouritesTest" time="12.286"/>
  <testcase classname="ge.tbc.testautomation.pom.toolwebsite.sharedcontext.SharedContextTests" name="filterTest" time="1.076"/>
  <testcase classname="ge.tbc.testautomation.pom.toolwebsite.sharedcontext.SharedContextTests" name="removeFavouriteTest" time="3.498"/>
  <testcase classname="ge.tbc.testautomation.pom.toolwebsite.sharedcontext.SharedContextTests" name="TagsTest" time="1.786"/>
</testsuite> <!-- Surefire test -->
