<?xml version="1.0" encoding="UTF-8"?>
<testng-results retried="2" ignored="0" total="18" passed="15" failed="1" skipped="0">
  <reporter-output>
  </reporter-output>
  <suite started-at="2025-05-16T02:11:32 GMT+04:00" name="Surefire suite" finished-at="2025-05-16T02:15:26 GMT+04:00" duration-ms="234600">
    <groups>
    </groups>
    <test started-at="2025-05-16T02:11:32 GMT+04:00" name="Surefire test" finished-at="2025-05-16T02:15:26 GMT+04:00" duration-ms="234600">
      <class name="ge.tbc.testautomation.pom.toolwebsite.isolatedcontext.IsolatedContextTests">
        <test-method is-config="true" signature="setUp(java.lang.String)[pri:0, instance:ge.tbc.testautomation.pom.toolwebsite.isolatedcontext.IsolatedContextTests@4a883b15]" started-at="2025-05-16T02:14:26 GMT+04:00" name="setUp" finished-at="2025-05-16T02:14:26 GMT+04:00" duration-ms="804" status="PASS">
          <params>
            <param index="0">
              <value>
                <![CDATA[chromium]]>
              </value>
            </param>
          </params>
          <reporter-output>
          </reporter-output>
        </test-method> <!-- setUp -->
        <test-method is-config="true" signature="testSetup()[pri:0, instance:ge.tbc.testautomation.pom.toolwebsite.isolatedcontext.IsolatedContextTests@4a883b15]" started-at="2025-05-16T02:14:26 GMT+04:00" name="testSetup" finished-at="2025-05-16T02:14:30 GMT+04:00" duration-ms="3447" status="PASS">
          <reporter-output>
          </reporter-output>
        </test-method> <!-- testSetup -->
        <test-method signature="favouritesTest()[pri:1, instance:ge.tbc.testautomation.pom.toolwebsite.isolatedcontext.IsolatedContextTests@4a883b15]" started-at="2025-05-16T02:14:30 GMT+04:00" name="favouritesTest" finished-at="2025-05-16T02:14:42 GMT+04:00" duration-ms="12541" status="PASS">
          <reporter-output>
          </reporter-output>
        </test-method> <!-- favouritesTest -->
        <test-method is-config="true" signature="cleanup()[pri:0, instance:ge.tbc.testautomation.pom.toolwebsite.isolatedcontext.IsolatedContextTests@4a883b15]" started-at="2025-05-16T02:14:42 GMT+04:00" name="cleanup" finished-at="2025-05-16T02:14:42 GMT+04:00" duration-ms="32" status="PASS">
          <reporter-output>
          </reporter-output>
        </test-method> <!-- cleanup -->
        <test-method is-config="true" signature="testSetup()[pri:0, instance:ge.tbc.testautomation.pom.toolwebsite.isolatedcontext.IsolatedContextTests@4a883b15]" started-at="2025-05-16T02:14:42 GMT+04:00" name="testSetup" finished-at="2025-05-16T02:14:45 GMT+04:00" duration-ms="3093" status="PASS">
          <reporter-output>
          </reporter-output>
        </test-method> <!-- testSetup -->
        <test-method signature="filterTest()[pri:2, instance:ge.tbc.testautomation.pom.toolwebsite.isolatedcontext.IsolatedContextTests@4a883b15]" started-at="2025-05-16T02:14:45 GMT+04:00" name="filterTest" finished-at="2025-05-16T02:14:47 GMT+04:00" duration-ms="1034" status="PASS">
          <reporter-output>
          </reporter-output>
        </test-method> <!-- filterTest -->
        <test-method is-config="true" signature="cleanup()[pri:0, instance:ge.tbc.testautomation.pom.toolwebsite.isolatedcontext.IsolatedContextTests@4a883b15]" started-at="2025-05-16T02:14:47 GMT+04:00" name="cleanup" finished-at="2025-05-16T02:14:47 GMT+04:00" duration-ms="38" status="PASS">
          <reporter-output>
          </reporter-output>
        </test-method> <!-- cleanup -->
        <test-method is-config="true" signature="testSetup()[pri:0, instance:ge.tbc.testautomation.pom.toolwebsite.isolatedcontext.IsolatedContextTests@4a883b15]" started-at="2025-05-16T02:14:47 GMT+04:00" name="testSetup" finished-at="2025-05-16T02:14:49 GMT+04:00" duration-ms="2921" status="PASS">
          <reporter-output>
          </reporter-output>
        </test-method> <!-- testSetup -->
        <test-method signature="removeFavouriteTest()[pri:3, instance:ge.tbc.testautomation.pom.toolwebsite.isolatedcontext.IsolatedContextTests@4a883b15]" started-at="2025-05-16T02:14:49 GMT+04:00" name="removeFavouriteTest" finished-at="2025-05-16T02:14:58 GMT+04:00" duration-ms="8079" status="PASS">
          <reporter-output>
          </reporter-output>
        </test-method> <!-- removeFavouriteTest -->
        <test-method is-config="true" signature="cleanup()[pri:0, instance:ge.tbc.testautomation.pom.toolwebsite.isolatedcontext.IsolatedContextTests@4a883b15]" started-at="2025-05-16T02:14:58 GMT+04:00" name="cleanup" finished-at="2025-05-16T02:14:58 GMT+04:00" duration-ms="26" status="PASS">
          <reporter-output>
          </reporter-output>
        </test-method> <!-- cleanup -->
        <test-method is-config="true" signature="testSetup()[pri:0, instance:ge.tbc.testautomation.pom.toolwebsite.isolatedcontext.IsolatedContextTests@4a883b15]" started-at="2025-05-16T02:14:58 GMT+04:00" name="testSetup" finished-at="2025-05-16T02:15:01 GMT+04:00" duration-ms="2876" status="PASS">
          <reporter-output>
          </reporter-output>
        </test-method> <!-- testSetup -->
        <test-method signature="TagsTest()[pri:4, instance:ge.tbc.testautomation.pom.toolwebsite.isolatedcontext.IsolatedContextTests@4a883b15]" started-at="2025-05-16T02:15:01 GMT+04:00" name="TagsTest" finished-at="2025-05-16T02:15:02 GMT+04:00" duration-ms="1797" status="PASS">
          <reporter-output>
          </reporter-output>
        </test-method> <!-- TagsTest -->
        <test-method is-config="true" signature="cleanup()[pri:0, instance:ge.tbc.testautomation.pom.toolwebsite.isolatedcontext.IsolatedContextTests@4a883b15]" started-at="2025-05-16T02:15:02 GMT+04:00" name="cleanup" finished-at="2025-05-16T02:15:02 GMT+04:00" duration-ms="25" status="PASS">
          <reporter-output>
          </reporter-output>
        </test-method> <!-- cleanup -->
        <test-method is-config="true" signature="tearDown()[pri:0, instance:ge.tbc.testautomation.pom.toolwebsite.isolatedcontext.IsolatedContextTests@4a883b15]" started-at="2025-05-16T02:15:02 GMT+04:00" name="tearDown" finished-at="2025-05-16T02:15:02 GMT+04:00" duration-ms="125" status="PASS">
          <reporter-output>
          </reporter-output>
        </test-method> <!-- tearDown -->
      </class> <!-- ge.tbc.testautomation.pom.toolwebsite.isolatedcontext.IsolatedContextTests -->
      <class name="ge.tbc.testautomation.pom.magento.MagentoTests">
        <test-method is-config="true" signature="setUp(java.lang.String)[pri:0, instance:ge.tbc.testautomation.pom.magento.MagentoTests@2e3967ea]" started-at="2025-05-16T02:11:32 GMT+04:00" name="setUp" finished-at="2025-05-16T02:11:39 GMT+04:00" duration-ms="7309" status="PASS">
          <params>
            <param index="0">
              <value>
                <![CDATA[chromium]]>
              </value>
            </param>
          </params>
          <reporter-output>
          </reporter-output>
        </test-method> <!-- setUp -->
        <test-method is-config="true" signature="resetContext()[pri:0, instance:ge.tbc.testautomation.pom.magento.MagentoTests@2e3967ea]" started-at="2025-05-16T02:11:39 GMT+04:00" name="resetContext" finished-at="2025-05-16T02:11:42 GMT+04:00" duration-ms="3111" status="PASS">
          <reporter-output>
          </reporter-output>
        </test-method> <!-- resetContext -->
        <test-method signature="colorChangeTest()[pri:1, instance:ge.tbc.testautomation.pom.magento.MagentoTests@2e3967ea]" started-at="2025-05-16T02:11:42 GMT+04:00" name="colorChangeTest" description="Allure Pom Tests" finished-at="2025-05-16T02:11:46 GMT+04:00" duration-ms="3733" status="PASS">
          <reporter-output>
          </reporter-output>
        </test-method> <!-- colorChangeTest -->
        <test-method is-config="true" signature="tearDownPerTest()[pri:0, instance:ge.tbc.testautomation.pom.magento.MagentoTests@2e3967ea]" started-at="2025-05-16T02:11:46 GMT+04:00" name="tearDownPerTest" finished-at="2025-05-16T02:11:46 GMT+04:00" duration-ms="4" status="PASS">
          <reporter-output>
          </reporter-output>
        </test-method> <!-- tearDownPerTest -->
        <test-method is-config="true" signature="resetContext()[pri:0, instance:ge.tbc.testautomation.pom.magento.MagentoTests@2e3967ea]" started-at="2025-05-16T02:11:46 GMT+04:00" name="resetContext" finished-at="2025-05-16T02:11:48 GMT+04:00" duration-ms="1757" status="PASS">
          <reporter-output>
          </reporter-output>
        </test-method> <!-- resetContext -->
        <test-method signature="addToCartTest()[pri:2, instance:ge.tbc.testautomation.pom.magento.MagentoTests@2e3967ea]" started-at="2025-05-16T02:11:48 GMT+04:00" name="addToCartTest" description="Allure Pom Tests" finished-at="2025-05-16T02:12:00 GMT+04:00" duration-ms="12470" status="PASS">
          <reporter-output>
          </reporter-output>
        </test-method> <!-- addToCartTest -->
        <test-method is-config="true" signature="tearDownPerTest()[pri:0, instance:ge.tbc.testautomation.pom.magento.MagentoTests@2e3967ea]" started-at="2025-05-16T02:12:00 GMT+04:00" name="tearDownPerTest" finished-at="2025-05-16T02:12:00 GMT+04:00" duration-ms="0" status="PASS">
          <reporter-output>
          </reporter-output>
        </test-method> <!-- tearDownPerTest -->
        <test-method is-config="true" signature="resetContext()[pri:0, instance:ge.tbc.testautomation.pom.magento.MagentoTests@2e3967ea]" started-at="2025-05-16T02:12:00 GMT+04:00" name="resetContext" finished-at="2025-05-16T02:12:01 GMT+04:00" duration-ms="856" status="PASS">
          <reporter-output>
          </reporter-output>
        </test-method> <!-- resetContext -->
        <test-method signature="deleteFromCart()[pri:3, instance:ge.tbc.testautomation.pom.magento.MagentoTests@2e3967ea]" started-at="2025-05-16T02:12:01 GMT+04:00" name="deleteFromCart" description="Allure Pom Tests" finished-at="2025-05-16T02:12:05 GMT+04:00" depends-on-methods="ge.tbc.testautomation.pom.magento.MagentoTests.addToCartTest" duration-ms="4003" status="PASS">
          <reporter-output>
          </reporter-output>
        </test-method> <!-- deleteFromCart -->
        <test-method is-config="true" signature="tearDownPerTest()[pri:0, instance:ge.tbc.testautomation.pom.magento.MagentoTests@2e3967ea]" started-at="2025-05-16T02:12:05 GMT+04:00" name="tearDownPerTest" finished-at="2025-05-16T02:12:05 GMT+04:00" duration-ms="1" status="PASS">
          <reporter-output>
          </reporter-output>
        </test-method> <!-- tearDownPerTest -->
        <test-method is-config="true" signature="resetContext()[pri:0, instance:ge.tbc.testautomation.pom.magento.MagentoTests@2e3967ea]" started-at="2025-05-16T02:12:05 GMT+04:00" name="resetContext" finished-at="2025-05-16T02:12:06 GMT+04:00" duration-ms="1206" status="PASS">
          <reporter-output>
          </reporter-output>
        </test-method> <!-- resetContext -->
        <test-method signature="outOfStockOfferTest()[pri:4, instance:ge.tbc.testautomation.pom.magento.MagentoTests@2e3967ea]" started-at="2025-05-16T02:12:06 GMT+04:00" name="outOfStockOfferTest" description="Allure Pom Tests" finished-at="2025-05-16T02:12:10 GMT+04:00" duration-ms="3674" status="PASS">
          <reporter-output>
          </reporter-output>
        </test-method> <!-- outOfStockOfferTest -->
        <test-method is-config="true" signature="tearDownPerTest()[pri:0, instance:ge.tbc.testautomation.pom.magento.MagentoTests@2e3967ea]" started-at="2025-05-16T02:12:10 GMT+04:00" name="tearDownPerTest" finished-at="2025-05-16T02:12:10 GMT+04:00" duration-ms="0" status="PASS">
          <reporter-output>
          </reporter-output>
        </test-method> <!-- tearDownPerTest -->
        <test-method is-config="true" signature="resetContext()[pri:0, instance:ge.tbc.testautomation.pom.magento.MagentoTests@2e3967ea]" started-at="2025-05-16T02:12:10 GMT+04:00" name="resetContext" finished-at="2025-05-16T02:12:11 GMT+04:00" duration-ms="764" status="PASS">
          <reporter-output>
          </reporter-output>
        </test-method> <!-- resetContext -->
        <test-method signature="reviewNumberTest()[pri:5, instance:ge.tbc.testautomation.pom.magento.MagentoTests@2e3967ea]" started-at="2025-05-16T02:12:11 GMT+04:00" name="reviewNumberTest" description="Allure Pom Tests" finished-at="2025-05-16T02:12:14 GMT+04:00" duration-ms="2677" status="PASS">
          <reporter-output>
          </reporter-output>
        </test-method> <!-- reviewNumberTest -->
        <test-method is-config="true" signature="tearDownPerTest()[pri:0, instance:ge.tbc.testautomation.pom.magento.MagentoTests@2e3967ea]" started-at="2025-05-16T02:12:14 GMT+04:00" name="tearDownPerTest" finished-at="2025-05-16T02:12:14 GMT+04:00" duration-ms="0" status="PASS">
          <reporter-output>
          </reporter-output>
        </test-method> <!-- tearDownPerTest -->
        <test-method is-config="true" signature="resetContext()[pri:0, instance:ge.tbc.testautomation.pom.magento.MagentoTests@2e3967ea]" started-at="2025-05-16T02:12:14 GMT+04:00" name="resetContext" finished-at="2025-05-16T02:12:14 GMT+04:00" duration-ms="933" status="PASS">
          <reporter-output>
          </reporter-output>
        </test-method> <!-- resetContext -->
        <test-method signature="mobileNavigationTest()[pri:6, instance:ge.tbc.testautomation.pom.magento.MagentoTests@2e3967ea]" started-at="2025-05-16T02:12:14 GMT+04:00" name="mobileNavigationTest" description="Allure Pom Tests" finished-at="2025-05-16T02:12:15 GMT+04:00" duration-ms="562" status="PASS">
          <reporter-output>
          </reporter-output>
        </test-method> <!-- mobileNavigationTest -->
        <test-method is-config="true" signature="tearDownPerTest()[pri:0, instance:ge.tbc.testautomation.pom.magento.MagentoTests@2e3967ea]" started-at="2025-05-16T02:12:15 GMT+04:00" name="tearDownPerTest" finished-at="2025-05-16T02:12:15 GMT+04:00" duration-ms="1" status="PASS">
          <reporter-output>
          </reporter-output>
        </test-method> <!-- tearDownPerTest -->
        <test-method is-config="true" signature="resetContext()[pri:0, instance:ge.tbc.testautomation.pom.magento.MagentoTests@2e3967ea]" started-at="2025-05-16T02:12:15 GMT+04:00" name="resetContext" finished-at="2025-05-16T02:12:16 GMT+04:00" duration-ms="1025" status="PASS">
          <reporter-output>
          </reporter-output>
        </test-method> <!-- resetContext -->
        <test-method signature="saveToFavoritesWhileUnauthorizedTest()[pri:7, instance:ge.tbc.testautomation.pom.magento.MagentoTests@2e3967ea]" started-at="2025-05-16T02:12:16 GMT+04:00" name="saveToFavoritesWhileUnauthorizedTest" description="Allure Pom Tests" finished-at="2025-05-16T02:12:27 GMT+04:00" duration-ms="10752" status="PASS">
          <reporter-output>
          </reporter-output>
        </test-method> <!-- saveToFavoritesWhileUnauthorizedTest -->
        <test-method is-config="true" signature="tearDownPerTest()[pri:0, instance:ge.tbc.testautomation.pom.magento.MagentoTests@2e3967ea]" started-at="2025-05-16T02:12:27 GMT+04:00" name="tearDownPerTest" finished-at="2025-05-16T02:12:27 GMT+04:00" duration-ms="1" status="PASS">
          <reporter-output>
          </reporter-output>
        </test-method> <!-- tearDownPerTest -->
        <test-method is-config="true" signature="resetContext()[pri:0, instance:ge.tbc.testautomation.pom.magento.MagentoTests@2e3967ea]" started-at="2025-05-16T02:12:27 GMT+04:00" name="resetContext" finished-at="2025-05-16T02:12:28 GMT+04:00" duration-ms="823" status="PASS">
          <reporter-output>
          </reporter-output>
        </test-method> <!-- resetContext -->
        <test-method retried="true" signature="purchaseItem()[pri:8, instance:ge.tbc.testautomation.pom.magento.MagentoTests@2e3967ea]" started-at="2025-05-16T02:12:28 GMT+04:00" name="purchaseItem" description="Allure Pom Tests" finished-at="2025-05-16T02:13:11 GMT+04:00" depends-on-methods="ge.tbc.testautomation.pom.magento.MagentoTests.saveToFavoritesWhileUnauthorizedTest" duration-ms="43621" status="SKIP">
          <exception class="com.microsoft.playwright.TimeoutError">
            <message>
              <![CDATA[Error {
  message='Timeout 30000ms exceeded.
  name='TimeoutError
  stack='TimeoutError: Timeout 30000ms exceeded.
    at ProgressController.run (C:\Users\gstore\AppData\Local\Temp\playwright-java-4435475597216201590\package\lib\server\progress.js:76:26)
    at Frame.waitForSelector (C:\Users\gstore\AppData\Local\Temp\playwright-java-4435475597216201590\package\lib\server\frames.js:647:23)
    at FrameDispatcher.waitForSelector (C:\Users\gstore\AppData\Local\Temp\playwright-java-4435475597216201590\package\lib\server\dispatchers\frameDispatcher.js:82:116)
    at FrameDispatcher._handleCommand (C:\Users\gstore\AppData\Local\Temp\playwright-java-4435475597216201590\package\lib\server\dispatchers\dispatcher.js:94:40)
    at DispatcherConnection.dispatch (C:\Users\gstore\AppData\Local\Temp\playwright-java-4435475597216201590\package\lib\server\dispatchers\dispatcher.js:307:39)
}
Call log:
-   - waiting for locator(".action.primary.checkout").last() to be visible
]]>
            </message>
            <full-stacktrace>
              <![CDATA[com.microsoft.playwright.TimeoutError: Error {
  message='Timeout 30000ms exceeded.
  name='TimeoutError
  stack='TimeoutError: Timeout 30000ms exceeded.
    at ProgressController.run (C:\Users\gstore\AppData\Local\Temp\playwright-java-4435475597216201590\package\lib\server\progress.js:76:26)
    at Frame.waitForSelector (C:\Users\gstore\AppData\Local\Temp\playwright-java-4435475597216201590\package\lib\server\frames.js:647:23)
    at FrameDispatcher.waitForSelector (C:\Users\gstore\AppData\Local\Temp\playwright-java-4435475597216201590\package\lib\server\dispatchers\frameDispatcher.js:82:116)
    at FrameDispatcher._handleCommand (C:\Users\gstore\AppData\Local\Temp\playwright-java-4435475597216201590\package\lib\server\dispatchers\dispatcher.js:94:40)
    at DispatcherConnection.dispatch (C:\Users\gstore\AppData\Local\Temp\playwright-java-4435475597216201590\package\lib\server\dispatchers\dispatcher.js:307:39)
}
Call log:
-   - waiting for locator(".action.primary.checkout").last() to be visible

at com.microsoft.playwright.impl.WaitableResult.get(WaitableResult.java:52)
at com.microsoft.playwright.impl.ChannelOwner.runUntil(ChannelOwner.java:132)
at com.microsoft.playwright.impl.Connection.sendMessage(Connection.java:130)
at com.microsoft.playwright.impl.ChannelOwner.sendMessage(ChannelOwner.java:118)
at com.microsoft.playwright.impl.FrameImpl.waitForSelectorImpl(FrameImpl.java:1060)
at com.microsoft.playwright.impl.LocatorImpl.lambda$waitForImpl$8(LocatorImpl.java:634)
at com.microsoft.playwright.impl.LoggingSupport.withLogging(LoggingSupport.java:47)
at com.microsoft.playwright.impl.ChannelOwner.withLogging(ChannelOwner.java:97)
at com.microsoft.playwright.impl.LocatorImpl.waitForImpl(LocatorImpl.java:634)
at com.microsoft.playwright.impl.LocatorImpl.waitFor(LocatorImpl.java:630)
at com.microsoft.playwright.Locator.waitFor(Locator.java:5393)
at ge.tbc.testautomation.steps.magento.ShippingSteps.clickOnProceedToCheckoutBtn(ShippingSteps.java:63)
at ge.tbc.testautomation.pom.magento.MagentoTests.purchaseItem(MagentoTests.java:160)
at java.base/jdk.internal.reflect.DirectMethodHandleAccessor.invoke(DirectMethodHandleAccessor.java:103)
at java.base/java.lang.reflect.Method.invoke(Method.java:580)
at org.testng.internal.invokers.MethodInvocationHelper.invokeMethod(MethodInvocationHelper.java:141)
at org.testng.internal.invokers.TestInvoker.invokeMethod(TestInvoker.java:687)
at org.testng.internal.invokers.TestInvoker.invokeTestMethod(TestInvoker.java:230)
at org.testng.internal.invokers.MethodRunner.runInSequence(MethodRunner.java:63)
at org.testng.internal.invokers.TestInvoker$MethodInvocationAgent.invoke(TestInvoker.java:995)
at org.testng.internal.invokers.TestInvoker.invokeTestMethods(TestInvoker.java:203)
at org.testng.internal.invokers.TestMethodWorker.invokeTestMethods(TestMethodWorker.java:154)
at org.testng.internal.invokers.TestMethodWorker.run(TestMethodWorker.java:134)
at java.base/java.util.ArrayList.forEach(ArrayList.java:1597)
at org.testng.TestRunner.privateRun(TestRunner.java:741)
at org.testng.TestRunner.run(TestRunner.java:616)
at org.testng.SuiteRunner.runTest(SuiteRunner.java:421)
at org.testng.SuiteRunner.runSequentially(SuiteRunner.java:413)
at org.testng.SuiteRunner.privateRun(SuiteRunner.java:373)
at org.testng.SuiteRunner.run(SuiteRunner.java:312)
at org.testng.SuiteRunnerWorker.runSuite(SuiteRunnerWorker.java:52)
at org.testng.SuiteRunnerWorker.run(SuiteRunnerWorker.java:95)
at org.testng.TestNG.runSuitesSequentially(TestNG.java:1274)
at org.testng.TestNG.runSuitesLocally(TestNG.java:1208)
at org.testng.TestNG.runSuites(TestNG.java:1112)
at org.testng.TestNG.run(TestNG.java:1079)
at org.apache.maven.surefire.testng.TestNGExecutor.run(TestNGExecutor.java:155)
at org.apache.maven.surefire.testng.TestNGDirectoryTestSuite.executeMulti(TestNGDirectoryTestSuite.java:169)
at org.apache.maven.surefire.testng.TestNGDirectoryTestSuite.execute(TestNGDirectoryTestSuite.java:88)
at org.apache.maven.surefire.testng.TestNGProvider.invoke(TestNGProvider.java:137)
at org.apache.maven.surefire.booter.ForkedBooter.runSuitesInProcess(ForkedBooter.java:385)
at org.apache.maven.surefire.booter.ForkedBooter.execute(ForkedBooter.java:162)
at org.apache.maven.surefire.booter.ForkedBooter.run(ForkedBooter.java:507)
at org.apache.maven.surefire.booter.ForkedBooter.main(ForkedBooter.java:495)
Caused by: com.microsoft.playwright.TimeoutError: Error {
  message='Timeout 30000ms exceeded.
  name='TimeoutError
  stack='TimeoutError: Timeout 30000ms exceeded.
    at ProgressController.run (C:\Users\gstore\AppData\Local\Temp\playwright-java-4435475597216201590\package\lib\server\progress.js:76:26)
    at Frame.waitForSelector (C:\Users\gstore\AppData\Local\Temp\playwright-java-4435475597216201590\package\lib\server\frames.js:647:23)
    at FrameDispatcher.waitForSelector (C:\Users\gstore\AppData\Local\Temp\playwright-java-4435475597216201590\package\lib\server\dispatchers\frameDispatcher.js:82:116)
    at FrameDispatcher._handleCommand (C:\Users\gstore\AppData\Local\Temp\playwright-java-4435475597216201590\package\lib\server\dispatchers\dispatcher.js:94:40)
    at DispatcherConnection.dispatch (C:\Users\gstore\AppData\Local\Temp\playwright-java-4435475597216201590\package\lib\server\dispatchers\dispatcher.js:307:39)
}
Call log:
-   - waiting for locator(".action.primary.checkout").last() to be visible

at com.microsoft.playwright.impl.Connection.dispatch(Connection.java:254)
at com.microsoft.playwright.impl.Connection.processOneMessage(Connection.java:211)
at com.microsoft.playwright.impl.ChannelOwner.runUntil(ChannelOwner.java:130)
... 42 more
]]>
            </full-stacktrace>
          </exception> <!-- com.microsoft.playwright.TimeoutError -->
          <reporter-output>
          </reporter-output>
        </test-method> <!-- purchaseItem -->
        <test-method is-config="true" signature="tearDownPerTest()[pri:0, instance:ge.tbc.testautomation.pom.magento.MagentoTests@2e3967ea]" started-at="2025-05-16T02:13:11 GMT+04:00" name="tearDownPerTest" finished-at="2025-05-16T02:13:11 GMT+04:00" duration-ms="1" status="PASS">
          <reporter-output>
          </reporter-output>
        </test-method> <!-- tearDownPerTest -->
        <test-method is-config="true" signature="resetContext()[pri:0, instance:ge.tbc.testautomation.pom.magento.MagentoTests@2e3967ea]" started-at="2025-05-16T02:13:11 GMT+04:00" name="resetContext" finished-at="2025-05-16T02:13:12 GMT+04:00" duration-ms="1070" status="PASS">
          <reporter-output>
          </reporter-output>
        </test-method> <!-- resetContext -->
        <test-method retried="true" signature="purchaseItem()[pri:8, instance:ge.tbc.testautomation.pom.magento.MagentoTests@2e3967ea]" started-at="2025-05-16T02:13:12 GMT+04:00" name="purchaseItem" description="Allure Pom Tests" finished-at="2025-05-16T02:13:49 GMT+04:00" depends-on-methods="ge.tbc.testautomation.pom.magento.MagentoTests.saveToFavoritesWhileUnauthorizedTest" duration-ms="36198" status="SKIP">
          <exception class="com.microsoft.playwright.TimeoutError">
            <message>
              <![CDATA[Error {
  message='Timeout 30000ms exceeded.
  name='TimeoutError
  stack='TimeoutError: Timeout 30000ms exceeded.
    at ProgressController.run (C:\Users\gstore\AppData\Local\Temp\playwright-java-4435475597216201590\package\lib\server\progress.js:76:26)
    at Frame.waitForSelector (C:\Users\gstore\AppData\Local\Temp\playwright-java-4435475597216201590\package\lib\server\frames.js:647:23)
    at FrameDispatcher.waitForSelector (C:\Users\gstore\AppData\Local\Temp\playwright-java-4435475597216201590\package\lib\server\dispatchers\frameDispatcher.js:82:116)
    at FrameDispatcher._handleCommand (C:\Users\gstore\AppData\Local\Temp\playwright-java-4435475597216201590\package\lib\server\dispatchers\dispatcher.js:94:40)
    at DispatcherConnection.dispatch (C:\Users\gstore\AppData\Local\Temp\playwright-java-4435475597216201590\package\lib\server\dispatchers\dispatcher.js:307:39)
}
Call log:
-   - waiting for getByRole(AriaRole.BUTTON, new Page.GetByRoleOptions().setName("Add to Cart")).first()
]]>
            </message>
            <full-stacktrace>
              <![CDATA[com.microsoft.playwright.TimeoutError: Error {
  message='Timeout 30000ms exceeded.
  name='TimeoutError
  stack='TimeoutError: Timeout 30000ms exceeded.
    at ProgressController.run (C:\Users\gstore\AppData\Local\Temp\playwright-java-4435475597216201590\package\lib\server\progress.js:76:26)
    at Frame.waitForSelector (C:\Users\gstore\AppData\Local\Temp\playwright-java-4435475597216201590\package\lib\server\frames.js:647:23)
    at FrameDispatcher.waitForSelector (C:\Users\gstore\AppData\Local\Temp\playwright-java-4435475597216201590\package\lib\server\dispatchers\frameDispatcher.js:82:116)
    at FrameDispatcher._handleCommand (C:\Users\gstore\AppData\Local\Temp\playwright-java-4435475597216201590\package\lib\server\dispatchers\dispatcher.js:94:40)
    at DispatcherConnection.dispatch (C:\Users\gstore\AppData\Local\Temp\playwright-java-4435475597216201590\package\lib\server\dispatchers\dispatcher.js:307:39)
}
Call log:
-   - waiting for getByRole(AriaRole.BUTTON, new Page.GetByRoleOptions().setName("Add to Cart")).first()

at com.microsoft.playwright.impl.WaitableResult.get(WaitableResult.java:52)
at com.microsoft.playwright.impl.ChannelOwner.runUntil(ChannelOwner.java:132)
at com.microsoft.playwright.impl.Connection.sendMessage(Connection.java:130)
at com.microsoft.playwright.impl.ChannelOwner.sendMessage(ChannelOwner.java:118)
at com.microsoft.playwright.impl.FrameImpl.waitForSelectorImpl(FrameImpl.java:1060)
at com.microsoft.playwright.impl.FrameImpl.waitForSelectorImpl(FrameImpl.java:1050)
at com.microsoft.playwright.impl.FrameImpl.lambda$waitForSelector$46(FrameImpl.java:1046)
at com.microsoft.playwright.impl.LoggingSupport.withLogging(LoggingSupport.java:47)
at com.microsoft.playwright.impl.ChannelOwner.withLogging(ChannelOwner.java:97)
at com.microsoft.playwright.impl.FrameImpl.waitForSelector(FrameImpl.java:1046)
at com.microsoft.playwright.impl.LocatorImpl.elementHandle(LocatorImpl.java:216)
at com.microsoft.playwright.impl.LocatorImpl.withElement(LocatorImpl.java:83)
at com.microsoft.playwright.impl.LocatorImpl.scrollIntoViewIfNeeded(LocatorImpl.java:491)
at com.microsoft.playwright.Locator.scrollIntoViewIfNeeded(Locator.java:4415)
at ge.tbc.testautomation.steps.magento.ItemsSteps.scrollToAddToCartBtn(ItemsSteps.java:65)
at ge.tbc.testautomation.pom.magento.MagentoTests.purchaseItem(MagentoTests.java:154)
at java.base/jdk.internal.reflect.DirectMethodHandleAccessor.invoke(DirectMethodHandleAccessor.java:103)
at java.base/java.lang.reflect.Method.invoke(Method.java:580)
at org.testng.internal.invokers.MethodInvocationHelper.invokeMethod(MethodInvocationHelper.java:141)
at org.testng.internal.invokers.TestInvoker.invokeMethod(TestInvoker.java:687)
at org.testng.internal.invokers.TestInvoker.retryFailed(TestInvoker.java:269)
at org.testng.internal.invokers.MethodRunner.runInSequence(MethodRunner.java:76)
at org.testng.internal.invokers.TestInvoker$MethodInvocationAgent.invoke(TestInvoker.java:995)
at org.testng.internal.invokers.TestInvoker.invokeTestMethods(TestInvoker.java:203)
at org.testng.internal.invokers.TestMethodWorker.invokeTestMethods(TestMethodWorker.java:154)
at org.testng.internal.invokers.TestMethodWorker.run(TestMethodWorker.java:134)
at java.base/java.util.ArrayList.forEach(ArrayList.java:1597)
at org.testng.TestRunner.privateRun(TestRunner.java:741)
at org.testng.TestRunner.run(TestRunner.java:616)
at org.testng.SuiteRunner.runTest(SuiteRunner.java:421)
at org.testng.SuiteRunner.runSequentially(SuiteRunner.java:413)
at org.testng.SuiteRunner.privateRun(SuiteRunner.java:373)
at org.testng.SuiteRunner.run(SuiteRunner.java:312)
at org.testng.SuiteRunnerWorker.runSuite(SuiteRunnerWorker.java:52)
at org.testng.SuiteRunnerWorker.run(SuiteRunnerWorker.java:95)
at org.testng.TestNG.runSuitesSequentially(TestNG.java:1274)
at org.testng.TestNG.runSuitesLocally(TestNG.java:1208)
at org.testng.TestNG.runSuites(TestNG.java:1112)
at org.testng.TestNG.run(TestNG.java:1079)
at org.apache.maven.surefire.testng.TestNGExecutor.run(TestNGExecutor.java:155)
at org.apache.maven.surefire.testng.TestNGDirectoryTestSuite.executeMulti(TestNGDirectoryTestSuite.java:169)
at org.apache.maven.surefire.testng.TestNGDirectoryTestSuite.execute(TestNGDirectoryTestSuite.java:88)
at org.apache.maven.surefire.testng.TestNGProvider.invoke(TestNGProvider.java:137)
at org.apache.maven.surefire.booter.ForkedBooter.runSuitesInProcess(ForkedBooter.java:385)
at org.apache.maven.surefire.booter.ForkedBooter.execute(ForkedBooter.java:162)
at org.apache.maven.surefire.booter.ForkedBooter.run(ForkedBooter.java:507)
at org.apache.maven.surefire.booter.ForkedBooter.main(ForkedBooter.java:495)
Caused by: com.microsoft.playwright.TimeoutError: Error {
  message='Timeout 30000ms exceeded.
  name='TimeoutError
  stack='TimeoutError: Timeout 30000ms exceeded.
    at ProgressController.run (C:\Users\gstore\AppData\Local\Temp\playwright-java-4435475597216201590\package\lib\server\progress.js:76:26)
    at Frame.waitForSelector (C:\Users\gstore\AppData\Local\Temp\playwright-java-4435475597216201590\package\lib\server\frames.js:647:23)
    at FrameDispatcher.waitForSelector (C:\Users\gstore\AppData\Local\Temp\playwright-java-4435475597216201590\package\lib\server\dispatchers\frameDispatcher.js:82:116)
    at FrameDispatcher._handleCommand (C:\Users\gstore\AppData\Local\Temp\playwright-java-4435475597216201590\package\lib\server\dispatchers\dispatcher.js:94:40)
    at DispatcherConnection.dispatch (C:\Users\gstore\AppData\Local\Temp\playwright-java-4435475597216201590\package\lib\server\dispatchers\dispatcher.js:307:39)
}
Call log:
-   - waiting for getByRole(AriaRole.BUTTON, new Page.GetByRoleOptions().setName("Add to Cart")).first()

at com.microsoft.playwright.impl.Connection.dispatch(Connection.java:254)
at com.microsoft.playwright.impl.Connection.processOneMessage(Connection.java:211)
at com.microsoft.playwright.impl.ChannelOwner.runUntil(ChannelOwner.java:130)
... 45 more
]]>
            </full-stacktrace>
          </exception> <!-- com.microsoft.playwright.TimeoutError -->
          <reporter-output>
          </reporter-output>
        </test-method> <!-- purchaseItem -->
        <test-method is-config="true" signature="tearDownPerTest()[pri:0, instance:ge.tbc.testautomation.pom.magento.MagentoTests@2e3967ea]" started-at="2025-05-16T02:13:49 GMT+04:00" name="tearDownPerTest" finished-at="2025-05-16T02:13:49 GMT+04:00" duration-ms="1" status="PASS">
          <reporter-output>
          </reporter-output>
        </test-method> <!-- tearDownPerTest -->
        <test-method is-config="true" signature="resetContext()[pri:0, instance:ge.tbc.testautomation.pom.magento.MagentoTests@2e3967ea]" started-at="2025-05-16T02:13:49 GMT+04:00" name="resetContext" finished-at="2025-05-16T02:13:50 GMT+04:00" duration-ms="1671" status="PASS">
          <reporter-output>
          </reporter-output>
        </test-method> <!-- resetContext -->
        <test-method signature="purchaseItem()[pri:8, instance:ge.tbc.testautomation.pom.magento.MagentoTests@2e3967ea]" started-at="2025-05-16T02:13:50 GMT+04:00" name="purchaseItem" description="Allure Pom Tests" finished-at="2025-05-16T02:14:25 GMT+04:00" depends-on-methods="ge.tbc.testautomation.pom.magento.MagentoTests.saveToFavoritesWhileUnauthorizedTest" duration-ms="35096" status="FAIL">
          <exception class="com.microsoft.playwright.TimeoutError">
            <message>
              <![CDATA[Error {
  message='Timeout 30000ms exceeded.
  name='TimeoutError
  stack='TimeoutError: Timeout 30000ms exceeded.
    at ProgressController.run (C:\Users\gstore\AppData\Local\Temp\playwright-java-4435475597216201590\package\lib\server\progress.js:76:26)
    at Frame.waitForSelector (C:\Users\gstore\AppData\Local\Temp\playwright-java-4435475597216201590\package\lib\server\frames.js:647:23)
    at FrameDispatcher.waitForSelector (C:\Users\gstore\AppData\Local\Temp\playwright-java-4435475597216201590\package\lib\server\dispatchers\frameDispatcher.js:82:116)
    at FrameDispatcher._handleCommand (C:\Users\gstore\AppData\Local\Temp\playwright-java-4435475597216201590\package\lib\server\dispatchers\dispatcher.js:94:40)
    at DispatcherConnection.dispatch (C:\Users\gstore\AppData\Local\Temp\playwright-java-4435475597216201590\package\lib\server\dispatchers\dispatcher.js:307:39)
}
Call log:
-   - waiting for getByRole(AriaRole.BUTTON, new Page.GetByRoleOptions().setName("Add to Cart")).first()
]]>
            </message>
            <full-stacktrace>
              <![CDATA[com.microsoft.playwright.TimeoutError: Error {
  message='Timeout 30000ms exceeded.
  name='TimeoutError
  stack='TimeoutError: Timeout 30000ms exceeded.
    at ProgressController.run (C:\Users\gstore\AppData\Local\Temp\playwright-java-4435475597216201590\package\lib\server\progress.js:76:26)
    at Frame.waitForSelector (C:\Users\gstore\AppData\Local\Temp\playwright-java-4435475597216201590\package\lib\server\frames.js:647:23)
    at FrameDispatcher.waitForSelector (C:\Users\gstore\AppData\Local\Temp\playwright-java-4435475597216201590\package\lib\server\dispatchers\frameDispatcher.js:82:116)
    at FrameDispatcher._handleCommand (C:\Users\gstore\AppData\Local\Temp\playwright-java-4435475597216201590\package\lib\server\dispatchers\dispatcher.js:94:40)
    at DispatcherConnection.dispatch (C:\Users\gstore\AppData\Local\Temp\playwright-java-4435475597216201590\package\lib\server\dispatchers\dispatcher.js:307:39)
}
Call log:
-   - waiting for getByRole(AriaRole.BUTTON, new Page.GetByRoleOptions().setName("Add to Cart")).first()

at com.microsoft.playwright.impl.WaitableResult.get(WaitableResult.java:52)
at com.microsoft.playwright.impl.ChannelOwner.runUntil(ChannelOwner.java:132)
at com.microsoft.playwright.impl.Connection.sendMessage(Connection.java:130)
at com.microsoft.playwright.impl.ChannelOwner.sendMessage(ChannelOwner.java:118)
at com.microsoft.playwright.impl.FrameImpl.waitForSelectorImpl(FrameImpl.java:1060)
at com.microsoft.playwright.impl.FrameImpl.waitForSelectorImpl(FrameImpl.java:1050)
at com.microsoft.playwright.impl.FrameImpl.lambda$waitForSelector$46(FrameImpl.java:1046)
at com.microsoft.playwright.impl.LoggingSupport.withLogging(LoggingSupport.java:47)
at com.microsoft.playwright.impl.ChannelOwner.withLogging(ChannelOwner.java:97)
at com.microsoft.playwright.impl.FrameImpl.waitForSelector(FrameImpl.java:1046)
at com.microsoft.playwright.impl.LocatorImpl.elementHandle(LocatorImpl.java:216)
at com.microsoft.playwright.impl.LocatorImpl.withElement(LocatorImpl.java:83)
at com.microsoft.playwright.impl.LocatorImpl.scrollIntoViewIfNeeded(LocatorImpl.java:491)
at com.microsoft.playwright.Locator.scrollIntoViewIfNeeded(Locator.java:4415)
at ge.tbc.testautomation.steps.magento.ItemsSteps.scrollToAddToCartBtn(ItemsSteps.java:65)
at ge.tbc.testautomation.pom.magento.MagentoTests.purchaseItem(MagentoTests.java:154)
at java.base/jdk.internal.reflect.DirectMethodHandleAccessor.invoke(DirectMethodHandleAccessor.java:103)
at java.base/java.lang.reflect.Method.invoke(Method.java:580)
at org.testng.internal.invokers.MethodInvocationHelper.invokeMethod(MethodInvocationHelper.java:141)
at org.testng.internal.invokers.TestInvoker.invokeMethod(TestInvoker.java:687)
at org.testng.internal.invokers.TestInvoker.retryFailed(TestInvoker.java:269)
at org.testng.internal.invokers.MethodRunner.runInSequence(MethodRunner.java:76)
at org.testng.internal.invokers.TestInvoker$MethodInvocationAgent.invoke(TestInvoker.java:995)
at org.testng.internal.invokers.TestInvoker.invokeTestMethods(TestInvoker.java:203)
at org.testng.internal.invokers.TestMethodWorker.invokeTestMethods(TestMethodWorker.java:154)
at org.testng.internal.invokers.TestMethodWorker.run(TestMethodWorker.java:134)
at java.base/java.util.ArrayList.forEach(ArrayList.java:1597)
at org.testng.TestRunner.privateRun(TestRunner.java:741)
at org.testng.TestRunner.run(TestRunner.java:616)
at org.testng.SuiteRunner.runTest(SuiteRunner.java:421)
at org.testng.SuiteRunner.runSequentially(SuiteRunner.java:413)
at org.testng.SuiteRunner.privateRun(SuiteRunner.java:373)
at org.testng.SuiteRunner.run(SuiteRunner.java:312)
at org.testng.SuiteRunnerWorker.runSuite(SuiteRunnerWorker.java:52)
at org.testng.SuiteRunnerWorker.run(SuiteRunnerWorker.java:95)
at org.testng.TestNG.runSuitesSequentially(TestNG.java:1274)
at org.testng.TestNG.runSuitesLocally(TestNG.java:1208)
at org.testng.TestNG.runSuites(TestNG.java:1112)
at org.testng.TestNG.run(TestNG.java:1079)
at org.apache.maven.surefire.testng.TestNGExecutor.run(TestNGExecutor.java:155)
at org.apache.maven.surefire.testng.TestNGDirectoryTestSuite.executeMulti(TestNGDirectoryTestSuite.java:169)
at org.apache.maven.surefire.testng.TestNGDirectoryTestSuite.execute(TestNGDirectoryTestSuite.java:88)
at org.apache.maven.surefire.testng.TestNGProvider.invoke(TestNGProvider.java:137)
at org.apache.maven.surefire.booter.ForkedBooter.runSuitesInProcess(ForkedBooter.java:385)
at org.apache.maven.surefire.booter.ForkedBooter.execute(ForkedBooter.java:162)
at org.apache.maven.surefire.booter.ForkedBooter.run(ForkedBooter.java:507)
at org.apache.maven.surefire.booter.ForkedBooter.main(ForkedBooter.java:495)
Caused by: com.microsoft.playwright.TimeoutError: Error {
  message='Timeout 30000ms exceeded.
  name='TimeoutError
  stack='TimeoutError: Timeout 30000ms exceeded.
    at ProgressController.run (C:\Users\gstore\AppData\Local\Temp\playwright-java-4435475597216201590\package\lib\server\progress.js:76:26)
    at Frame.waitForSelector (C:\Users\gstore\AppData\Local\Temp\playwright-java-4435475597216201590\package\lib\server\frames.js:647:23)
    at FrameDispatcher.waitForSelector (C:\Users\gstore\AppData\Local\Temp\playwright-java-4435475597216201590\package\lib\server\dispatchers\frameDispatcher.js:82:116)
    at FrameDispatcher._handleCommand (C:\Users\gstore\AppData\Local\Temp\playwright-java-4435475597216201590\package\lib\server\dispatchers\dispatcher.js:94:40)
    at DispatcherConnection.dispatch (C:\Users\gstore\AppData\Local\Temp\playwright-java-4435475597216201590\package\lib\server\dispatchers\dispatcher.js:307:39)
}
Call log:
-   - waiting for getByRole(AriaRole.BUTTON, new Page.GetByRoleOptions().setName("Add to Cart")).first()

at com.microsoft.playwright.impl.Connection.dispatch(Connection.java:254)
at com.microsoft.playwright.impl.Connection.processOneMessage(Connection.java:211)
at com.microsoft.playwright.impl.ChannelOwner.runUntil(ChannelOwner.java:130)
... 45 more
]]>
            </full-stacktrace>
          </exception> <!-- com.microsoft.playwright.TimeoutError -->
          <reporter-output>
          </reporter-output>
        </test-method> <!-- purchaseItem -->
        <test-method is-config="true" signature="tearDownPerTest()[pri:0, instance:ge.tbc.testautomation.pom.magento.MagentoTests@2e3967ea]" started-at="2025-05-16T02:14:25 GMT+04:00" name="tearDownPerTest" finished-at="2025-05-16T02:14:25 GMT+04:00" duration-ms="0" status="PASS">
          <reporter-output>
          </reporter-output>
        </test-method> <!-- tearDownPerTest -->
        <test-method is-config="true" signature="tearDown()[pri:0, instance:ge.tbc.testautomation.pom.magento.MagentoTests@2e3967ea]" started-at="2025-05-16T02:14:25 GMT+04:00" name="tearDown" finished-at="2025-05-16T02:14:26 GMT+04:00" duration-ms="216" status="PASS">
          <reporter-output>
          </reporter-output>
        </test-method> <!-- tearDown -->
      </class> <!-- ge.tbc.testautomation.pom.magento.MagentoTests -->
      <class name="ge.tbc.testautomation.pom.toolwebsite.sharedcontext.SharedContextTests">
        <test-method is-config="true" signature="setUp(java.lang.String)[pri:0, instance:ge.tbc.testautomation.pom.toolwebsite.sharedcontext.SharedContextTests@7b36aa0c]" started-at="2025-05-16T02:15:02 GMT+04:00" name="setUp" finished-at="2025-05-16T02:15:06 GMT+04:00" duration-ms="3307" status="PASS">
          <params>
            <param index="0">
              <value>
                <![CDATA[chromium]]>
              </value>
            </param>
          </params>
          <reporter-output>
          </reporter-output>
        </test-method> <!-- setUp -->
        <test-method is-config="true" signature="testSetup()[pri:0, instance:ge.tbc.testautomation.pom.toolwebsite.sharedcontext.SharedContextTests@7b36aa0c]" started-at="2025-05-16T02:15:06 GMT+04:00" name="testSetup" finished-at="2025-05-16T02:15:06 GMT+04:00" duration-ms="471" status="PASS">
          <reporter-output>
          </reporter-output>
        </test-method> <!-- testSetup -->
        <test-method signature="favouritesTest()[pri:1, instance:ge.tbc.testautomation.pom.toolwebsite.sharedcontext.SharedContextTests@7b36aa0c]" started-at="2025-05-16T02:15:06 GMT+04:00" name="favouritesTest" finished-at="2025-05-16T02:15:19 GMT+04:00" duration-ms="12286" status="PASS">
          <reporter-output>
          </reporter-output>
        </test-method> <!-- favouritesTest -->
        <test-method is-config="true" signature="cleanupPage()[pri:0, instance:ge.tbc.testautomation.pom.toolwebsite.sharedcontext.SharedContextTests@7b36aa0c]" started-at="2025-05-16T02:15:19 GMT+04:00" name="cleanupPage" finished-at="2025-05-16T02:15:19 GMT+04:00" duration-ms="11" status="PASS">
          <reporter-output>
          </reporter-output>
        </test-method> <!-- cleanupPage -->
        <test-method is-config="true" signature="testSetup()[pri:0, instance:ge.tbc.testautomation.pom.toolwebsite.sharedcontext.SharedContextTests@7b36aa0c]" started-at="2025-05-16T02:15:19 GMT+04:00" name="testSetup" finished-at="2025-05-16T02:15:19 GMT+04:00" duration-ms="355" status="PASS">
          <reporter-output>
          </reporter-output>
        </test-method> <!-- testSetup -->
        <test-method signature="filterTest()[pri:2, instance:ge.tbc.testautomation.pom.toolwebsite.sharedcontext.SharedContextTests@7b36aa0c]" started-at="2025-05-16T02:15:19 GMT+04:00" name="filterTest" finished-at="2025-05-16T02:15:20 GMT+04:00" duration-ms="1076" status="PASS">
          <reporter-output>
          </reporter-output>
        </test-method> <!-- filterTest -->
        <test-method is-config="true" signature="cleanupPage()[pri:0, instance:ge.tbc.testautomation.pom.toolwebsite.sharedcontext.SharedContextTests@7b36aa0c]" started-at="2025-05-16T02:15:20 GMT+04:00" name="cleanupPage" finished-at="2025-05-16T02:15:20 GMT+04:00" duration-ms="12" status="PASS">
          <reporter-output>
          </reporter-output>
        </test-method> <!-- cleanupPage -->
        <test-method is-config="true" signature="testSetup()[pri:0, instance:ge.tbc.testautomation.pom.toolwebsite.sharedcontext.SharedContextTests@7b36aa0c]" started-at="2025-05-16T02:15:20 GMT+04:00" name="testSetup" finished-at="2025-05-16T02:15:20 GMT+04:00" duration-ms="410" status="PASS">
          <reporter-output>
          </reporter-output>
        </test-method> <!-- testSetup -->
        <test-method signature="removeFavouriteTest()[pri:3, instance:ge.tbc.testautomation.pom.toolwebsite.sharedcontext.SharedContextTests@7b36aa0c]" started-at="2025-05-16T02:15:20 GMT+04:00" name="removeFavouriteTest" finished-at="2025-05-16T02:15:24 GMT+04:00" duration-ms="3498" status="PASS">
          <reporter-output>
          </reporter-output>
        </test-method> <!-- removeFavouriteTest -->
        <test-method is-config="true" signature="cleanupPage()[pri:0, instance:ge.tbc.testautomation.pom.toolwebsite.sharedcontext.SharedContextTests@7b36aa0c]" started-at="2025-05-16T02:15:24 GMT+04:00" name="cleanupPage" finished-at="2025-05-16T02:15:24 GMT+04:00" duration-ms="6" status="PASS">
          <reporter-output>
          </reporter-output>
        </test-method> <!-- cleanupPage -->
        <test-method is-config="true" signature="testSetup()[pri:0, instance:ge.tbc.testautomation.pom.toolwebsite.sharedcontext.SharedContextTests@7b36aa0c]" started-at="2025-05-16T02:15:24 GMT+04:00" name="testSetup" finished-at="2025-05-16T02:15:24 GMT+04:00" duration-ms="394" status="PASS">
          <reporter-output>
          </reporter-output>
        </test-method> <!-- testSetup -->
        <test-method signature="TagsTest()[pri:4, instance:ge.tbc.testautomation.pom.toolwebsite.sharedcontext.SharedContextTests@7b36aa0c]" started-at="2025-05-16T02:15:24 GMT+04:00" name="TagsTest" finished-at="2025-05-16T02:15:26 GMT+04:00" duration-ms="1786" status="PASS">
          <reporter-output>
          </reporter-output>
        </test-method> <!-- TagsTest -->
        <test-method is-config="true" signature="cleanupPage()[pri:0, instance:ge.tbc.testautomation.pom.toolwebsite.sharedcontext.SharedContextTests@7b36aa0c]" started-at="2025-05-16T02:15:26 GMT+04:00" name="cleanupPage" finished-at="2025-05-16T02:15:26 GMT+04:00" duration-ms="12" status="PASS">
          <reporter-output>
          </reporter-output>
        </test-method> <!-- cleanupPage -->
        <test-method is-config="true" signature="tearDown()[pri:0, instance:ge.tbc.testautomation.pom.toolwebsite.sharedcontext.SharedContextTests@7b36aa0c]" started-at="2025-05-16T02:15:26 GMT+04:00" name="tearDown" finished-at="2025-05-16T02:15:26 GMT+04:00" duration-ms="140" status="PASS">
          <reporter-output>
          </reporter-output>
        </test-method> <!-- tearDown -->
      </class> <!-- ge.tbc.testautomation.pom.toolwebsite.sharedcontext.SharedContextTests -->
    </test> <!-- Surefire test -->
  </suite> <!-- Surefire suite -->
</testng-results>
