<?xml version="1.0" encoding="UTF-8"?>
<testsuite xmlns:xsi="http://www.w3.org/2001/XMLSchema-instance" xsi:noNamespaceSchemaLocation="https://maven.apache.org/surefire/maven-surefire-plugin/xsd/surefire-test-report-3.0.xsd" version="3.0" name="TestSuite" time="235.362" tests="18" errors="0" skipped="2" failures="1">
  <properties>
[...]
</properties>
  <testcase name="colorChangeTest" classname="ge.tbc.testautomation.pom.magento.MagentoTests" time="3.678">
    <system-err><![CDATA[SLF4J(W): No SLF4J providers were found.
SLF4J(W): Defaulting to no-operation (NOP) logger implementation
SLF4J(W): See https://www.slf4j.org/codes.html#noProviders for further details.
]]></system-err>
  </testcase>
  <testcase name="addToCartTest" classname="ge.tbc.testautomation.pom.magento.MagentoTests" time="12.465"/>
  <testcase name="deleteFromCart" classname="ge.tbc.testautomation.pom.magento.MagentoTests" time="4.0"/>
  <testcase name="outOfStockOfferTest" classname="ge.tbc.testautomation.pom.magento.MagentoTests" time="3.671"/>
  <testcase name="reviewNumberTest" classname="ge.tbc.testautomation.pom.magento.MagentoTests" time="2.673"/>
  <testcase name="mobileNavigationTest" classname="ge.tbc.testautomation.pom.magento.MagentoTests" time="0.56"/>
  <testcase name="saveToFavoritesWhileUnauthorizedTest" classname="ge.tbc.testautomation.pom.magento.MagentoTests" time="10.749"/>
  <testcase name="purchaseItem" classname="ge.tbc.testautomation.pom.magento.MagentoTests" time="0.0">
    <skipped message="Error {&#10;  message=&apos;Timeout 30000ms exceeded.&#10;  name=&apos;TimeoutError&#10;  stack=&apos;TimeoutError: Timeout 30000ms exceeded.&#10;    at ProgressController.run (C:\Users\gstore\AppData\Local\Temp\playwright-java-4435475597216201590\package\lib\server\progress.js:76:26)&#10;    at Frame.waitForSelector (C:\Users\gstore\AppData\Local\Temp\playwright-java-4435475597216201590\package\lib\server\frames.js:647:23)&#10;    at FrameDispatcher.waitForSelector (C:\Users\gstore\AppData\Local\Temp\playwright-java-4435475597216201590\package\lib\server\dispatchers\frameDispatcher.js:82:116)&#10;    at FrameDispatcher._handleCommand (C:\Users\gstore\AppData\Local\Temp\playwright-java-4435475597216201590\package\lib\server\dispatchers\dispatcher.js:94:40)&#10;    at DispatcherConnection.dispatch (C:\Users\gstore\AppData\Local\Temp\playwright-java-4435475597216201590\package\lib\server\dispatchers\dispatcher.js:307:39)&#10;}&#10;Call log:&#10;-   - waiting for locator(&quot;.action.primary.checkout&quot;).last() to be visible&#10;"/>
    <system-out><![CDATA[ტესტის თავიდან გაშვება: purchaseItem, მცდელობა: 1
]]></system-out>
  </testcase>
  <testcase name="purchaseItem" classname="ge.tbc.testautomation.pom.magento.MagentoTests" time="0.0">
    <skipped message="Error {&#10;  message=&apos;Timeout 30000ms exceeded.&#10;  name=&apos;TimeoutError&#10;  stack=&apos;TimeoutError: Timeout 30000ms exceeded.&#10;    at ProgressController.run (C:\Users\gstore\AppData\Local\Temp\playwright-java-4435475597216201590\package\lib\server\progress.js:76:26)&#10;    at Frame.waitForSelector (C:\Users\gstore\AppData\Local\Temp\playwright-java-4435475597216201590\package\lib\server\frames.js:647:23)&#10;    at FrameDispatcher.waitForSelector (C:\Users\gstore\AppData\Local\Temp\playwright-java-4435475597216201590\package\lib\server\dispatchers\frameDispatcher.js:82:116)&#10;    at FrameDispatcher._handleCommand (C:\Users\gstore\AppData\Local\Temp\playwright-java-4435475597216201590\package\lib\server\dispatchers\dispatcher.js:94:40)&#10;    at DispatcherConnection.dispatch (C:\Users\gstore\AppData\Local\Temp\playwright-java-4435475597216201590\package\lib\server\dispatchers\dispatcher.js:307:39)&#10;}&#10;Call log:&#10;-   - waiting for getByRole(AriaRole.BUTTON, new Page.GetByRoleOptions().setName(&quot;Add to Cart&quot;)).first()&#10;"/>
    <system-out><![CDATA[ტესტის თავიდან გაშვება: purchaseItem, მცდელობა: 2
]]></system-out>
  </testcase>
  <testcase name="purchaseItem" classname="ge.tbc.testautomation.pom.magento.MagentoTests" time="35.099">
    <failure message="Error {&#10;  message=&apos;Timeout 30000ms exceeded.&#10;  name=&apos;TimeoutError&#10;  stack=&apos;TimeoutError: Timeout 30000ms exceeded.&#10;    at ProgressController.run (C:\Users\gstore\AppData\Local\Temp\playwright-java-4435475597216201590\package\lib\server\progress.js:76:26)&#10;    at Frame.waitForSelector (C:\Users\gstore\AppData\Local\Temp\playwright-java-4435475597216201590\package\lib\server\frames.js:647:23)&#10;    at FrameDispatcher.waitForSelector (C:\Users\gstore\AppData\Local\Temp\playwright-java-4435475597216201590\package\lib\server\dispatchers\frameDispatcher.js:82:116)&#10;    at FrameDispatcher._handleCommand (C:\Users\gstore\AppData\Local\Temp\playwright-java-4435475597216201590\package\lib\server\dispatchers\dispatcher.js:94:40)&#10;    at DispatcherConnection.dispatch (C:\Users\gstore\AppData\Local\Temp\playwright-java-4435475597216201590\package\lib\server\dispatchers\dispatcher.js:307:39)&#10;}&#10;Call log:&#10;-   - waiting for getByRole(AriaRole.BUTTON, new Page.GetByRoleOptions().setName(&quot;Add to Cart&quot;)).first()&#10;" type="com.microsoft.playwright.TimeoutError"><![CDATA[com.microsoft.playwright.TimeoutError: 
Error {
  message='Timeout 30000ms exceeded.
  name='TimeoutError
  stack='TimeoutError: Timeout 30000ms exceeded.
    at ProgressController.run (C:\Users\gstore\AppData\Local\Temp\playwright-java-4435475597216201590\package\lib\server\progress.js:76:26)
    at Frame.waitForSelector (C:\Users\gstore\AppData\Local\Temp\playwright-java-4435475597216201590\package\lib\server\frames.js:647:23)
    at FrameDispatcher.waitForSelector (C:\Users\gstore\AppData\Local\Temp\playwright-java-4435475597216201590\package\lib\server\dispatchers\frameDispatcher.js:82:116)
    at FrameDispatcher._handleCommand (C:\Users\gstore\AppData\Local\Temp\playwright-java-4435475597216201590\package\lib\server\dispatchers\dispatcher.js:94:40)
    at DispatcherConnection.dispatch (C:\Users\gstore\AppData\Local\Temp\playwright-java-4435475597216201590\package\lib\server\dispatchers\dispatcher.js:307:39)
}
Call log:
-   - waiting for getByRole(AriaRole.BUTTON, new Page.GetByRoleOptions().setName("Add to Cart")).first()

	at com.microsoft.playwright.impl.WaitableResult.get(WaitableResult.java:52)
	at com.microsoft.playwright.impl.ChannelOwner.runUntil(ChannelOwner.java:132)
	at com.microsoft.playwright.impl.Connection.sendMessage(Connection.java:130)
	at com.microsoft.playwright.impl.ChannelOwner.sendMessage(ChannelOwner.java:118)
	at com.microsoft.playwright.impl.FrameImpl.waitForSelectorImpl(FrameImpl.java:1060)
	at com.microsoft.playwright.impl.FrameImpl.waitForSelectorImpl(FrameImpl.java:1050)
	at com.microsoft.playwright.impl.FrameImpl.lambda$waitForSelector$46(FrameImpl.java:1046)
	at com.microsoft.playwright.impl.LoggingSupport.withLogging(LoggingSupport.java:47)
	at com.microsoft.playwright.impl.ChannelOwner.withLogging(ChannelOwner.java:97)
	at com.microsoft.playwright.impl.FrameImpl.waitForSelector(FrameImpl.java:1046)
	at com.microsoft.playwright.impl.LocatorImpl.elementHandle(LocatorImpl.java:216)
	at com.microsoft.playwright.impl.LocatorImpl.withElement(LocatorImpl.java:83)
	at com.microsoft.playwright.impl.LocatorImpl.scrollIntoViewIfNeeded(LocatorImpl.java:491)
	at com.microsoft.playwright.Locator.scrollIntoViewIfNeeded(Locator.java:4415)
	at ge.tbc.testautomation.steps.magento.ItemsSteps.scrollToAddToCartBtn(ItemsSteps.java:65)
	at ge.tbc.testautomation.pom.magento.MagentoTests.purchaseItem(MagentoTests.java:154)
	at java.base/jdk.internal.reflect.DirectMethodHandleAccessor.invoke(DirectMethodHandleAccessor.java:103)
	at java.base/java.lang.reflect.Method.invoke(Method.java:580)
	at org.testng.internal.invokers.MethodInvocationHelper.invokeMethod(MethodInvocationHelper.java:141)
	at org.testng.internal.invokers.TestInvoker.invokeMethod(TestInvoker.java:687)
	at org.testng.internal.invokers.TestInvoker.retryFailed(TestInvoker.java:269)
	at org.testng.internal.invokers.MethodRunner.runInSequence(MethodRunner.java:76)
	at org.testng.internal.invokers.TestInvoker$MethodInvocationAgent.invoke(TestInvoker.java:995)
	at org.testng.internal.invokers.TestInvoker.invokeTestMethods(TestInvoker.java:203)
	at org.testng.internal.invokers.TestMethodWorker.invokeTestMethods(TestMethodWorker.java:154)
	at org.testng.internal.invokers.TestMethodWorker.run(TestMethodWorker.java:134)
	at java.base/java.util.ArrayList.forEach(ArrayList.java:1597)
	at org.testng.TestRunner.privateRun(TestRunner.java:741)
	at org.testng.TestRunner.run(TestRunner.java:616)
	at org.testng.SuiteRunner.runTest(SuiteRunner.java:421)
	at org.testng.SuiteRunner.runSequentially(SuiteRunner.java:413)
	at org.testng.SuiteRunner.privateRun(SuiteRunner.java:373)
	at org.testng.SuiteRunner.run(SuiteRunner.java:312)
	at org.testng.SuiteRunnerWorker.runSuite(SuiteRunnerWorker.java:52)
	at org.testng.SuiteRunnerWorker.run(SuiteRunnerWorker.java:95)
	at org.testng.TestNG.runSuitesSequentially(TestNG.java:1274)
	at org.testng.TestNG.runSuitesLocally(TestNG.java:1208)
	at org.testng.TestNG.runSuites(TestNG.java:1112)
	at org.testng.TestNG.run(TestNG.java:1079)
	at org.apache.maven.surefire.testng.TestNGExecutor.run(TestNGExecutor.java:155)
	at org.apache.maven.surefire.testng.TestNGDirectoryTestSuite.executeMulti(TestNGDirectoryTestSuite.java:169)
	at org.apache.maven.surefire.testng.TestNGDirectoryTestSuite.execute(TestNGDirectoryTestSuite.java:88)
	at org.apache.maven.surefire.testng.TestNGProvider.invoke(TestNGProvider.java:137)
	at org.apache.maven.surefire.booter.ForkedBooter.runSuitesInProcess(ForkedBooter.java:385)
	at org.apache.maven.surefire.booter.ForkedBooter.execute(ForkedBooter.java:162)
	at org.apache.maven.surefire.booter.ForkedBooter.run(ForkedBooter.java:507)
	at org.apache.maven.surefire.booter.ForkedBooter.main(ForkedBooter.java:495)
Caused by: com.microsoft.playwright.TimeoutError: Error {
  message='Timeout 30000ms exceeded.
  name='TimeoutError
  stack='TimeoutError: Timeout 30000ms exceeded.
    at ProgressController.run (C:\Users\gstore\AppData\Local\Temp\playwright-java-4435475597216201590\package\lib\server\progress.js:76:26)
    at Frame.waitForSelector (C:\Users\gstore\AppData\Local\Temp\playwright-java-4435475597216201590\package\lib\server\frames.js:647:23)
    at FrameDispatcher.waitForSelector (C:\Users\gstore\AppData\Local\Temp\playwright-java-4435475597216201590\package\lib\server\dispatchers\frameDispatcher.js:82:116)
    at FrameDispatcher._handleCommand (C:\Users\gstore\AppData\Local\Temp\playwright-java-4435475597216201590\package\lib\server\dispatchers\dispatcher.js:94:40)
    at DispatcherConnection.dispatch (C:\Users\gstore\AppData\Local\Temp\playwright-java-4435475597216201590\package\lib\server\dispatchers\dispatcher.js:307:39)
}
Call log:
-   - waiting for getByRole(AriaRole.BUTTON, new Page.GetByRoleOptions().setName("Add to Cart")).first()

	at com.microsoft.playwright.impl.Connection.dispatch(Connection.java:254)
	at com.microsoft.playwright.impl.Connection.processOneMessage(Connection.java:211)
	at com.microsoft.playwright.impl.ChannelOwner.runUntil(ChannelOwner.java:130)
	... 45 more
]]></failure>
  </testcase>
  <testcase name="favouritesTest" classname="ge.tbc.testautomation.pom.toolwebsite.isolatedcontext.IsolatedContextTests" time="12.537"/>
  <testcase name="filterTest" classname="ge.tbc.testautomation.pom.toolwebsite.isolatedcontext.IsolatedContextTests" time="1.029"/>
  <testcase name="removeFavouriteTest" classname="ge.tbc.testautomation.pom.toolwebsite.isolatedcontext.IsolatedContextTests" time="8.076"/>
  <testcase name="TagsTest" classname="ge.tbc.testautomation.pom.toolwebsite.isolatedcontext.IsolatedContextTests" time="1.793"/>
  <testcase name="favouritesTest" classname="ge.tbc.testautomation.pom.toolwebsite.sharedcontext.SharedContextTests" time="12.281"/>
  <testcase name="filterTest" classname="ge.tbc.testautomation.pom.toolwebsite.sharedcontext.SharedContextTests" time="1.072"/>
  <testcase name="removeFavouriteTest" classname="ge.tbc.testautomation.pom.toolwebsite.sharedcontext.SharedContextTests" time="3.495"/>
  <testcase name="TagsTest" classname="ge.tbc.testautomation.pom.toolwebsite.sharedcontext.SharedContextTests" time="1.78"/>
</testsuite>